This is XeTeX, Version 3.141592653-2.6-0.999993 (TeX Live 2021) (preloaded format=xelatex 2021.4.9)  17 APR 2021 14:07
entering extended mode
 restricted \write18 enabled.
 %&-line parsing enabled.
**JRM-letter-template.tex
(./JRM-letter-template.tex
LaTeX2e <2020-10-01> patch level 4
L3 programming layer <2021-02-18>
(/usr/local/texlive/2021/texmf-dist/tex/latex/koma-script/scrlttr2.cls
Document Class: scrlttr2 2021/03/17 v3.33 KOMA-Script document class (letter)
(/usr/local/texlive/2021/texmf-dist/tex/latex/koma-script/scrkbase.sty
Package: scrkbase 2021/03/17 v3.33 KOMA-Script package (KOMA-Script-dependent b
asics and keyval usage)

(/usr/local/texlive/2021/texmf-dist/tex/latex/koma-script/scrbase.sty
Package: scrbase 2021/03/17 v3.33 KOMA-Script package (KOMA-Script-independent 
basics and keyval usage)

(/usr/local/texlive/2021/texmf-dist/tex/latex/koma-script/scrlfile.sty
Package: scrlfile 2021/03/17 v3.33 KOMA-Script package (file load hooks)

(/usr/local/texlive/2021/texmf-dist/tex/latex/koma-script/scrlfile-hook.sty
Package: scrlfile-hook 2021/03/17 v3.33 KOMA-Script package (using LaTeX hooks)


LaTeX3 Info: Defining command \BeforeFile with sig. 'm' on line 61.


LaTeX3 Info: Defining command \AfterFile with sig. 'm' on line 65.


LaTeX3 Info: Defining command \BeforeClass with sig. 'm' on line 69.


LaTeX3 Info: Defining command \BeforePackage with sig. 'm' on line 73.


LaTeX3 Info: Defining command \AfterAtEndOfClass with sig. 'smo+m' on line 83.


LaTeX3 Info: Defining command \AfterAtEndOfPackage with sig. 'smo+m' on line
(LaTeX3)     93.


LaTeX3 Info: Defining command \scrlfile@AfterClass with sig. 'smo+m' on line
(LaTeX3)     173.


LaTeX3 Info: Defining command \AfterClass with sig. '' on line 174.


LaTeX3 Info: Defining command \scrlfile@AfterPackage with sig. 'smo+m' on line
(LaTeX3)     191.


LaTeX3 Info: Defining command \AfterPackage with sig. '' on line 192.


LaTeX3 Info: Defining command \ReplaceInput with sig. '' on line 193.


LaTeX3 Info: Defining command \ReplaceClass with sig. 'mm' on line 196.


LaTeX3 Info: Defining command \ReplacePackage with sig. 'mm' on line 199.


LaTeX3 Info: Defining command \UnReplaceInput with sig. '' on line 200.


LaTeX3 Info: Defining command \UnReplaceClass with sig. 'm' on line 203.


LaTeX3 Info: Defining command \UnReplacePackage with sig. 'mm' on line 206.


LaTeX3 Info: Defining command \PreventPackageFromLoading with sig. 's+om' on
(LaTeX3)     line 234.


LaTeX3 Info: Defining command \StorePreventPackageFromLoading with sig. 'm' on
(LaTeX3)     line 242.


LaTeX3 Info: Defining command \ResetPreventPackageFromLoading with sig. '' on
(LaTeX3)     line 247.


LaTeX3 Info: Defining command \UnPreventPackageFromLoading with sig. 'sm' on
(LaTeX3)     line 261.


LaTeX3 Info: Defining command \BeforeClosingMainAux with sig. 'om' on line
(LaTeX3)     274.


LaTeX3 Info: Defining command \AfterReadingMainAux with sig. 'om' on line 287.


LaTeX3 Info: Defining command \protected@immediate@write with sig. 'm+m+m' on
(LaTeX3)     line 298.


(/usr/local/texlive/2021/texmf-dist/tex/latex/koma-script/scrlogo.sty
Package: scrlogo 2021/03/17 v3.33 KOMA-Script package (logo)
)))
(/usr/local/texlive/2021/texmf-dist/tex/latex/graphics/keyval.sty
Package: keyval 2014/10/28 v1.15 key=value parser (DPC)
\KV@toks@=\toks15
)
Skipping: [2021/05/01] Usage of raw option list on input line 252.
Applying: [0000/00/00] compatibility for LaTeX before 2021/05/01 on input line 
337.
))
Class scrlttr2 Info: File `scrsize12pt.clo' used to setup font sizes on input l
ine 1899.

(/usr/local/texlive/2021/texmf-dist/tex/latex/koma-script/scrsize12pt.clo
File: scrsize12pt.clo 2021/03/17 v3.33 KOMA-Script font size class option (12pt
)
)
(/usr/local/texlive/2021/texmf-dist/tex/latex/koma-script/typearea.sty
Package: typearea 2021/03/17 v3.33 KOMA-Script package (type area)
\ta@bcor=\skip47
\ta@div=\count175
\ta@hblk=\skip48
\ta@vblk=\skip49
\ta@temp=\skip50
\footheight=\skip51
Package typearea Info: These are the values describing the layout:
(typearea)             DIV  = 12
(typearea)             BCOR = 0.0pt
(typearea)             \paperwidth      = 597.50793pt
(typearea)              \textwidth      = 448.13095pt
(typearea)              DIV departure   = -6%
(typearea)              \evensidemargin = 2.4185pt
(typearea)              \oddsidemargin  = 2.4185pt
(typearea)             \paperheight     = 845.04694pt
(typearea)              \textheight     = 635.5pt
(typearea)              \topmargin      = -41.72441pt
(typearea)              \headheight     = 18.125pt
(typearea)              \headsep        = 21.75pt
(typearea)              \topskip        = 12.0pt
(typearea)              \footskip       = 50.75pt
(typearea)              \baselineskip   = 14.5pt
(typearea)              on input line 1741.
)
\c@letter=\count176
)
Class scrlttr2 Info: Letter-Class-Option `DIN' loaded on input line 4.

(/usr/local/texlive/2021/texmf-dist/tex/latex/koma-script/DIN.lco
File: DIN.lco 2021/03/17 v3.33 KOMA-Script letter-class-option
)
(/usr/local/texlive/2021/texmf-dist/tex/latex/l3backend/l3backend-xetex.def
File: l3backend-xetex.def 2021-03-18 L3 backend support: XeTeX

(|extractbb --version)
\c__kernel_sys_dvipdfmx_version_int=\count177
\l__color_backend_stack_int=\count178
\g__color_backend_stack_int=\count179
\g__graphics_track_int=\count180
\l__pdf_internal_box=\box47
\g__pdf_backend_object_int=\count181
\g__pdf_backend_annotation_int=\count182
\g__pdf_backend_link_int=\count183
)

LaTeX Warning: Unused global option(s):
    [paper=lettter].

No file JRM-letter-template.aux.
\openout1 = `JRM-letter-template.aux'.

LaTeX Font Info:    Checking defaults for OML/cmm/m/it on input line 17.
LaTeX Font Info:    ... okay on input line 17.
LaTeX Font Info:    Checking defaults for OMS/cmsy/m/n on input line 17.
LaTeX Font Info:    ... okay on input line 17.
LaTeX Font Info:    Checking defaults for OT1/cmr/m/n on input line 17.
LaTeX Font Info:    ... okay on input line 17.
LaTeX Font Info:    Checking defaults for T1/cmr/m/n on input line 17.
LaTeX Font Info:    ... okay on input line 17.
LaTeX Font Info:    Checking defaults for TS1/cmr/m/n on input line 17.
LaTeX Font Info:    Trying to load font information for TS1+cmr on input line 1
7.
(/usr/local/texlive/2021/texmf-dist/tex/latex/base/ts1cmr.fd
File: ts1cmr.fd 2019/12/16 v2.5j Standard LaTeX font definitions
)
LaTeX Font Info:    ... okay on input line 17.
LaTeX Font Info:    Checking defaults for TU/lmr/m/n on input line 17.
LaTeX Font Info:    ... okay on input line 17.
LaTeX Font Info:    Checking defaults for OMX/cmex/m/n on input line 17.
LaTeX Font Info:    ... okay on input line 17.
LaTeX Font Info:    Checking defaults for U/cmr/m/n on input line 17.
LaTeX Font Info:    ... okay on input line 17.
Package scrbase Info: activating english \yourrefname on input line 17.
Package scrbase Info: activating english \yourmailname on input line 17.
Package scrbase Info: activating english \myrefname on input line 17.
Package scrbase Info: activating english \customername on input line 17.
Package scrbase Info: activating english \invoicename on input line 17.
Package scrbase Info: activating english \subjectname on input line 17.
Package scrbase Info: activating english \ccname on input line 17.
Package scrbase Info: activating english \enclname on input line 17.
Package scrbase Info: activating english \headtoname on input line 17.
Package scrbase Info: activating english \headfromname on input line 17.
Package scrbase Info: activating english \datename on input line 17.
Package scrbase Info: activating english \pagename on input line 17.
Package scrbase Info: activating english \phonename on input line 17.
Package scrbase Info: activating english \mobilephonename on input line 17.
Package scrbase Info: activating english \faxname on input line 17.
Package scrbase Info: activating english \emailname on input line 17.
Package scrbase Info: activating english \wwwname on input line 17.
Package scrbase Info: activating english \bankname on input line 17.
Class scrlttr2 Info: no date found for language `american'
(scrlttr2)           --> skipped on input line 17.
Class scrlttr2 Info: no date found for language `australian'
(scrlttr2)           --> skipped on input line 17.
Class scrlttr2 Info: no date found for language `british'
(scrlttr2)           --> skipped on input line 17.
Class scrlttr2 Info: no date found for language `canadian'
(scrlttr2)           --> skipped on input line 17.
Class scrlttr2 Info: no date found for language `newzealand'
(scrlttr2)           --> skipped on input line 17.
Class scrlttr2 Info: no date found for language `UKenglish'
(scrlttr2)           --> skipped on input line 17.
Class scrlttr2 Info: no date found for language `ukenglish'
(scrlttr2)           --> skipped on input line 17.
Class scrlttr2 Info: no date found for language `USenglish'
(scrlttr2)           --> skipped on input line 17.
Class scrlttr2 Info: no date found for language `usenglish'
(scrlttr2)           --> skipped on input line 17.
Class scrlttr2 Info: no date found for language `german'
(scrlttr2)           --> skipped on input line 17.
Class scrlttr2 Info: no date found for language `ngerman'
(scrlttr2)           --> skipped on input line 17.
Class scrlttr2 Info: no date found for language `austrian'
(scrlttr2)           --> skipped on input line 17.
Class scrlttr2 Info: no date found for language `naustrian'
(scrlttr2)           --> skipped on input line 17.
Class scrlttr2 Info: no date found for language `swissgerman'
(scrlttr2)           --> skipped on input line 17.
Class scrlttr2 Info: no date found for language `nswissgerman'
(scrlttr2)           --> skipped on input line 17.
Class scrlttr2 Info: no date found for language `acadian'
(scrlttr2)           --> skipped on input line 17.
Class scrlttr2 Info: no date found for language `canadien'
(scrlttr2)           --> skipped on input line 17.
Class scrlttr2 Info: no date found for language `francais'
(scrlttr2)           --> skipped on input line 17.
Class scrlttr2 Info: no date found for language `french'
(scrlttr2)           --> skipped on input line 17.
Class scrlttr2 Info: no date found for language `italian'
(scrlttr2)           --> skipped on input line 17.
Class scrlttr2 Info: no date found for language `spanish'
(scrlttr2)           --> skipped on input line 17.
Class scrlttr2 Info: no date found for language `croatian'
(scrlttr2)           --> skipped on input line 17.
Class scrlttr2 Info: no date found for language `dutch'
(scrlttr2)           --> skipped on input line 17.
Class scrlttr2 Info: no date found for language `finnish'
(scrlttr2)           --> skipped on input line 17.
Class scrlttr2 Info: no date found for language `norsk'
(scrlttr2)           --> skipped on input line 17.
Class scrlttr2 Info: no date found for language `swedish'
(scrlttr2)           --> skipped on input line 17.
Class scrlttr2 Info: no date found for language `polish'
(scrlttr2)           --> skipped on input line 17.
Class scrlttr2 Info: no date found for language `czech'
(scrlttr2)           --> skipped on input line 17.
Class scrlttr2 Info: no date found for language `slovak'
(scrlttr2)           --> skipped on input line 17.
Class scrlttr2 Info: trying to activate captions and date
(scrlttr2)           of language `english' on input line 17.
Class scrlttr2 Info: used language is `english'.
(scrlttr2)           Supported languages are: `english', `UKenglish',
(scrlttr2)           `ukenglish', `british', `american', `USenglish',
(scrlttr2)           `usenglish', `australian`,`canadian', `newzealand',
(scrlttr2)           `german', `ngerman', `austrian', `naustrian',
(scrlttr2)           `swissgerman', `nswissgermsn',
(scrlttr2)           `acadian', `canadien', `francais', `french', 
(scrlttr2)           `dutch', `italian', `spanish', `polish',
(scrlttr2)           `croatian', `finnish', `norsk', `swedish',
(scrlttr2)           `czech', `slovak' on input line 17.

Underfull \hbox (badness 10000) in paragraph at lines 20--22

 []


Underfull \hbox (badness 10000) in paragraph at lines 23--25

 []


Underfull \hbox (badness 10000) in paragraph at lines 26--27

 []

LaTeX Font Info:    External font `cmex10' loaded for size
(Font)              <12> on input line 31.
LaTeX Font Info:    External font `cmex10' loaded for size
(Font)              <8> on input line 31.
LaTeX Font Info:    External font `cmex10' loaded for size
(Font)              <6> on input line 31.
[1



] (./JRM-letter-template.aux)

LaTeX Warning: Label(s) may have changed. Rerun to get cross-references right.

 ) 
Here is how much of TeX's memory you used:
 1969 strings out of 476919
 38670 string characters out of 5821841
 435200 words of memory out of 5000000
 22013 multiletter control sequences out of 15000+600000
 406174 words of font info for 37 fonts, out of 8000000 for 9000
 1348 hyphenation exceptions out of 8191
 111i,9n,116p,282b,183s stack positions out of 5000i,500n,10000p,200000b,80000s

Output written on JRM-letter-template.pdf (1 page).
